<!DOCTYPE html>
<html lang="en">
<head>
  <meta charset="UTF-8">
  <title></title>
  <style>
    body {
      margin: 0;
      font-family: sans-serif;
    }

    .wrapper {
      position: absolute;
      width: 100%;
      display: flex;
      flex-direction: column;
    }

    .summary {
      padding: 10px 20px;
    }

    .summary span {
      padding-right: 20px;
    }

    .specs {
      display: flex;
    }

    .specs .menu {
      align-self: flex-start;
      width: 500px;
      background-color: #add8e6;
    }

    .specs .menu .selected {
      background-color: #90c9dc;
    }

    .specs .name {
      padding: 10px;
      border-bottom: 1px solid #ffffff;
    }

    .name::before {
      content: "";
      display: inline-block;
      width: 10px;
      height: 10px;
      margin-right: 10px;
      border-radius: 50px;
    }

    .name.passed::before, .spec.passed .summary {
      background-color: #3cb371;
    }

    .name.failed::before, .spec.failed .summary {
      background-color: #ff6347;
    }
    
    .name:hover {
      cursor: pointer;
    }
    
    .spec {
      width: 100%;
    }

    .step {
      display: flex;
      align-items: center;
      padding: 20px;
      border-bottom: 1px solid #add8e6;
    }

    .step.passed {
      background-color: #3cb37166;
    }

    .step.failed {
      background-color: #ff634766;
    }

    .step .content {
      display: flex;
      flex-direction: column;
      align-items: flex-start;
      margin-left: 20px;
    }

    .step .content.reverse {
      flex-direction: column-reverse;
    }

    code {
      width: 50%;
      height: 200px;
      display: inline-block;
      padding: 10px;
      background-color: #ffffff;
      overflow: auto;
    }

    img {
      width: 400px;
      margin: 20px 0;
    }

    .strong {
      font-weight: 600;
    }

    .hidden {
      display: none;
    }
  </style>
</head>
<body>

<div class="wrapper">
  <div class="summary">
    <div class="strong">asControl</div>
    <span class="strong">Specs</span>
    <span>Total: 2</span>
    <span>Passed: 0</span>
    <span>Failed: 2</span>
    <span>Pending: 0</span>
    <span>Disabled: 0</span>
    <span>Duration: 13.4 sec</span>
  </div>
  <div class="specs">
    <div class="menu">
      
      <div class="name failed" onClick="select(this, 0)">should get control properties</div>
      
      <div class="name failed" onClick="select(this, 1)">should get controls for multiple elements</div>
      
    </div>
    
    <div class="spec failed 0 hidden">
      <div class="summary">
        <div class="strong">should get control properties</div>
        <span class="strong">Expectations</span>
        <span>Total: 4</span>
        <span>Passed: 3</span>
        <span>Failed: 1</span>
        <span>Duration: 4.1 sec</span>
      </div>
      
      
      <div class="step failed">
        <p class="strong">1.</p>
        <div class="content ">
          
          <div>Expectation FAILED: Failed: unknown error: call function result missing &#39;value&#39;
  (Session info: chrome=65.0.3325.162)
  (Driver info: chromedriver=2.33.506120 (e3e53437346286c0bc2d2dc9aa4915ba81d9023f),platform=Windows NT 10.0.15063 x86_64) (WARNING: The server did not provide any stacktrace information)
Command duration or timeout: 523 milliseconds
Build info: version: &#39;2.51.0&#39;, revision: &#39;1af067d&#39;, time: &#39;2016-02-05 19:15:17&#39;
System info: host: &#39;SOFN34092891A&#39;, ip: &#39;10.55.65.97&#39;, os.name: &#39;Windows 10&#39;, os.arch: &#39;amd64&#39;, os.version: &#39;10.0&#39;, java.version: &#39;1.8.0_161&#39;
Driver info: org.openqa.selenium.chrome.ChromeDriver
Capabilities [{applicationCacheEnabled=false, rotatable=false, mobileEmulationEnabled=false, networkConnectionEnabled=false, chrome={chromedriverVersion=2.33.506120 (e3e53437346286c0bc2d2dc9aa4915ba81d9023f), userDataDir=C:\Users\I340268\AppData\Local\Temp\scoped_dir30048_29219}, takesHeapSnapshot=true, pageLoadStrategy=normal, databaseEnabled=false, handlesAlerts=true, hasTouchScreen=false, version=65.0.3325.162, platform=XP, browserConnectionEnabled=false, nativeEvents=true, acceptSslCerts=true, locationContextEnabled=true, webStorageEnabled=true, browserName=chrome, takesScreenshot=true, javascriptEnabled=true, cssSelectorsEnabled=true, setWindowRect=true, unexpectedAlertBehaviour=}]
Session ID: ffe52c2ba382a30cda796600b06bcfcd</div>
          
          
          
          <a href="asControl-should-get-control-properties_0_fail_2018-03-14T10-57-57.png" target="_blank">
            <img data-source="asControl-should-get-control-properties_0_fail_2018-03-14T10-57-57.png"/>
          </a>
          
        </div>
        <code>UnknownError: unknown error: call function result missing &#39;value&#39;
  (Session info: chrome=65.0.3325.162)
  (Driver info: chromedriver=2.33.506120 (e3e53437346286c0bc2d2dc9aa4915ba81d9023f),platform=Windows NT 10.0.15063 x86_64) (WARNING: The server did not provide any stacktrace information)
Command duration or timeout: 523 milliseconds
Build info: version: &#39;2.51.0&#39;, revision: &#39;1af067d&#39;, time: &#39;2016-02-05 19:15:17&#39;
System info: host: &#39;SOFN34092891A&#39;, ip: &#39;10.55.65.97&#39;, os.name: &#39;Windows 10&#39;, os.arch: &#39;amd64&#39;, os.version: &#39;10.0&#39;, java.version: &#39;1.8.0_161&#39;
Driver info: org.openqa.selenium.chrome.ChromeDriver
Capabilities [{applicationCacheEnabled=false, rotatable=false, mobileEmulationEnabled=false, networkConnectionEnabled=false, chrome={chromedriverVersion=2.33.506120 (e3e53437346286c0bc2d2dc9aa4915ba81d9023f), userDataDir=C:\Users\I340268\AppData\Local\Temp\scoped_dir30048_29219}, takesHeapSnapshot=true, pageLoadStrategy=normal, databaseEnabled=false, handlesAlerts=true, hasTouchScreen=false, version=65.0.3325.162, platform=XP, browserConnectionEnabled=false, nativeEvents=true, acceptSslCerts=true, locationContextEnabled=true, webStorageEnabled=true, browserName=chrome, takesScreenshot=true, javascriptEnabled=true, cssSelectorsEnabled=true, setWindowRect=true, unexpectedAlertBehaviour=}]
Session ID: ffe52c2ba382a30cda796600b06bcfcd
    at new bot.Error (C:\repos\ui5delivery-i340268\visualtestjs\node_modules\selenium-webdriver\lib\atoms\error.js:108:18)
    at Object.bot.response.checkResponse (C:\repos\ui5delivery-i340268\visualtestjs\node_modules\selenium-webdriver\lib\atoms\response.js:109:9)
    at C:\repos\ui5delivery-i340268\visualtestjs\node_modules\selenium-webdriver\lib\webdriver\webdriver.js:379:20
    at promise.ControlFlow.runInFrame_ (C:/repos/ui5delivery-i340268/visualtestjs/node_modules/selenium-webdriver/lib/goog/../webdriver/promise.js:1857:20)
    at wrappedCtr.notify (C:/repos/ui5delivery-i340268/visualtestjs/node_modules/selenium-webdriver/lib/goog/../webdriver/promise.js:2448:25)
    at promise.Promise.notify_ (C:/repos/ui5delivery-i340268/visualtestjs/node_modules/selenium-webdriver/lib/goog/../webdriver/promise.js:564:12)
    at Array.forEach (native)
    at promise.Promise.notifyAll_ (C:/repos/ui5delivery-i340268/visualtestjs/node_modules/selenium-webdriver/lib/goog/../webdriver/promise.js:553:15)
    at goog.async.run.processWorkQueue (C:\repos\ui5delivery-i340268\visualtestjs\node_modules\selenium-webdriver\lib\goog\async\run.js:130:15)
    at process._tickCallback (internal/process/next_tick.js:109:7)
From: Task: Run beforeAll in control flow
    at Object.&lt;anonymous&gt; (C:\repos\ui5delivery-i340268\visualtestjs\node_modules\jasminewd2\index.js:81:14)
    at attemptAsync (C:\repos\ui5delivery-i340268\visualtestjs\node_modules\jasmine-core\lib\jasmine-core\jasmine.js:1819:24)
    at QueueRunner.run (C:\repos\ui5delivery-i340268\visualtestjs\node_modules\jasmine-core\lib\jasmine-core\jasmine.js:1774:9)
    at QueueRunner.execute (C:\repos\ui5delivery-i340268\visualtestjs\node_modules\jasmine-core\lib\jasmine-core\jasmine.js:1762:10)
    at queueRunnerFactory (C:\repos\ui5delivery-i340268\visualtestjs\node_modules\jasmine-core\lib\jasmine-core\jasmine.js:627:35)
    at Object.fn (C:\repos\ui5delivery-i340268\visualtestjs\node_modules\jasmine-core\lib\jasmine-core\jasmine.js:2345:13)
    at attemptAsync (C:\repos\ui5delivery-i340268\visualtestjs\node_modules\jasmine-core\lib\jasmine-core\jasmine.js:1819:24)
    at QueueRunner.run (C:\repos\ui5delivery-i340268\visualtestjs\node_modules\jasmine-core\lib\jasmine-core\jasmine.js:1774:9)
    at QueueRunner.execute (C:\repos\ui5delivery-i340268\visualtestjs\node_modules\jasmine-core\lib\jasmine-core\jasmine.js:1762:10)
    at queueRunnerFactory (C:\repos\ui5delivery-i340268\visualtestjs\node_modules\jasmine-core\lib\jasmine-core\jasmine.js:627:35)
From asynchronous test: 
Error
    at Suite.&lt;anonymous&gt; (C:\repos\ui5delivery-i340268\visualtestjs\e2e\UI5\controls\asControl.spec.js:8:2)
    at addSpecsToSuite (C:\repos\ui5delivery-i340268\visualtestjs\node_modules\jasmine-core\lib\jasmine-core\jasmine.js:743:25)
    at Env.describe (C:\repos\ui5delivery-i340268\visualtestjs\node_modules\jasmine-core\lib\jasmine-core\jasmine.js:713:7)
    at describe (C:\repos\ui5delivery-i340268\visualtestjs\node_modules\jasmine-core\lib\jasmine-core\jasmine.js:3219:18)
    at Object.&lt;anonymous&gt; (C:\repos\ui5delivery-i340268\visualtestjs\e2e\UI5\controls\asControl.spec.js:5:1)
    at Module._compile (module.js:570:32)
    at Object.Module._extensions..js (module.js:579:10)
    at Module.load (module.js:487:32)
    at tryModuleLoad (module.js:446:12)</code>
      </div>
      
      
      
      <div class="step passed">
        <p class="strong">2.</p>
        <div class="content ">
          
          <div>Expectation PASSED: Expected &#39;Page 1&#39; toEqual &#39;Page 1&#39;</div>
          
          
          
          <a href="asControl-should-get-control-properties_1_pass_2018-03-14T10-58-00.png" target="_blank">
            <img data-source="asControl-should-get-control-properties_1_pass_2018-03-14T10-58-00.png"/>
          </a>
          
        </div>
        
      </div>
      
      
      
      <div class="step passed">
        <p class="strong">3.</p>
        <div class="content ">
          
          <div>Expectation PASSED: Expected &#39;true&#39; toEqual &#39;true&#39;</div>
          
          
          
          <a href="asControl-should-get-control-properties_2_pass_2018-03-14T10-58-01.png" target="_blank">
            <img data-source="asControl-should-get-control-properties_2_pass_2018-03-14T10-58-01.png"/>
          </a>
          
        </div>
        
      </div>
      
      
    </div>
    
    <div class="spec failed 1 hidden">
      <div class="summary">
        <div class="strong">should get controls for multiple elements</div>
        <span class="strong">Expectations</span>
        <span>Total: 3</span>
        <span>Passed: 2</span>
        <span>Failed: 1</span>
        <span>Duration: 2 sec</span>
      </div>
      
      
      <div class="step passed">
        <p class="strong">1.</p>
        <div class="content ">
          
          <div>Expectation PASSED: Expected &#39;Show footer&#39; toEqual &#39;Show footer&#39;</div>
          
          
          
          <a href="asControl-should-get-controls-for-multiple-elements_0_pass_2018-03-14T10-58-02.png" target="_blank">
            <img data-source="asControl-should-get-controls-for-multiple-elements_0_pass_2018-03-14T10-58-02.png"/>
          </a>
          
        </div>
        
      </div>
      
      
      
      <div class="step failed">
        <p class="strong">2.</p>
        <div class="content ">
          
          <div>Expectation FAILED: Failed: unknown error: call function result missing &#39;value&#39;
  (Session info: chrome=65.0.3325.162)
  (Driver info: chromedriver=2.33.506120 (e3e53437346286c0bc2d2dc9aa4915ba81d9023f),platform=Windows NT 10.0.15063 x86_64) (WARNING: The server did not provide any stacktrace information)
Command duration or timeout: 523 milliseconds
Build info: version: &#39;2.51.0&#39;, revision: &#39;1af067d&#39;, time: &#39;2016-02-05 19:15:17&#39;
System info: host: &#39;SOFN34092891A&#39;, ip: &#39;10.55.65.97&#39;, os.name: &#39;Windows 10&#39;, os.arch: &#39;amd64&#39;, os.version: &#39;10.0&#39;, java.version: &#39;1.8.0_161&#39;
Driver info: org.openqa.selenium.chrome.ChromeDriver
Capabilities [{applicationCacheEnabled=false, rotatable=false, mobileEmulationEnabled=false, networkConnectionEnabled=false, chrome={chromedriverVersion=2.33.506120 (e3e53437346286c0bc2d2dc9aa4915ba81d9023f), userDataDir=C:\Users\I340268\AppData\Local\Temp\scoped_dir30048_29219}, takesHeapSnapshot=true, pageLoadStrategy=normal, databaseEnabled=false, handlesAlerts=true, hasTouchScreen=false, version=65.0.3325.162, platform=XP, browserConnectionEnabled=false, nativeEvents=true, acceptSslCerts=true, locationContextEnabled=true, webStorageEnabled=true, browserName=chrome, takesScreenshot=true, javascriptEnabled=true, cssSelectorsEnabled=true, setWindowRect=true, unexpectedAlertBehaviour=}]
Session ID: ffe52c2ba382a30cda796600b06bcfcd</div>
          
          
          
          <a href="asControl-should-get-controls-for-multiple-elements_1_fail_2018-03-14T10-57-57.png" target="_blank">
            <img data-source="asControl-should-get-controls-for-multiple-elements_1_fail_2018-03-14T10-57-57.png"/>
          </a>
          
        </div>
        <code>UnknownError: unknown error: call function result missing &#39;value&#39;
  (Session info: chrome=65.0.3325.162)
  (Driver info: chromedriver=2.33.506120 (e3e53437346286c0bc2d2dc9aa4915ba81d9023f),platform=Windows NT 10.0.15063 x86_64) (WARNING: The server did not provide any stacktrace information)
Command duration or timeout: 523 milliseconds
Build info: version: &#39;2.51.0&#39;, revision: &#39;1af067d&#39;, time: &#39;2016-02-05 19:15:17&#39;
System info: host: &#39;SOFN34092891A&#39;, ip: &#39;10.55.65.97&#39;, os.name: &#39;Windows 10&#39;, os.arch: &#39;amd64&#39;, os.version: &#39;10.0&#39;, java.version: &#39;1.8.0_161&#39;
Driver info: org.openqa.selenium.chrome.ChromeDriver
Capabilities [{applicationCacheEnabled=false, rotatable=false, mobileEmulationEnabled=false, networkConnectionEnabled=false, chrome={chromedriverVersion=2.33.506120 (e3e53437346286c0bc2d2dc9aa4915ba81d9023f), userDataDir=C:\Users\I340268\AppData\Local\Temp\scoped_dir30048_29219}, takesHeapSnapshot=true, pageLoadStrategy=normal, databaseEnabled=false, handlesAlerts=true, hasTouchScreen=false, version=65.0.3325.162, platform=XP, browserConnectionEnabled=false, nativeEvents=true, acceptSslCerts=true, locationContextEnabled=true, webStorageEnabled=true, browserName=chrome, takesScreenshot=true, javascriptEnabled=true, cssSelectorsEnabled=true, setWindowRect=true, unexpectedAlertBehaviour=}]
Session ID: ffe52c2ba382a30cda796600b06bcfcd
    at new bot.Error (C:\repos\ui5delivery-i340268\visualtestjs\node_modules\selenium-webdriver\lib\atoms\error.js:108:18)
    at Object.bot.response.checkResponse (C:\repos\ui5delivery-i340268\visualtestjs\node_modules\selenium-webdriver\lib\atoms\response.js:109:9)
    at C:\repos\ui5delivery-i340268\visualtestjs\node_modules\selenium-webdriver\lib\webdriver\webdriver.js:379:20
    at promise.ControlFlow.runInFrame_ (C:/repos/ui5delivery-i340268/visualtestjs/node_modules/selenium-webdriver/lib/goog/../webdriver/promise.js:1857:20)
    at wrappedCtr.notify (C:/repos/ui5delivery-i340268/visualtestjs/node_modules/selenium-webdriver/lib/goog/../webdriver/promise.js:2448:25)
    at promise.Promise.notify_ (C:/repos/ui5delivery-i340268/visualtestjs/node_modules/selenium-webdriver/lib/goog/../webdriver/promise.js:564:12)
    at Array.forEach (native)
    at promise.Promise.notifyAll_ (C:/repos/ui5delivery-i340268/visualtestjs/node_modules/selenium-webdriver/lib/goog/../webdriver/promise.js:553:15)
    at goog.async.run.processWorkQueue (C:\repos\ui5delivery-i340268\visualtestjs\node_modules\selenium-webdriver\lib\goog\async\run.js:130:15)
    at process._tickCallback (internal/process/next_tick.js:109:7)
From: Task: Run beforeAll in control flow
    at Object.&lt;anonymous&gt; (C:\repos\ui5delivery-i340268\visualtestjs\node_modules\jasminewd2\index.js:81:14)
    at attemptAsync (C:\repos\ui5delivery-i340268\visualtestjs\node_modules\jasmine-core\lib\jasmine-core\jasmine.js:1819:24)
    at QueueRunner.run (C:\repos\ui5delivery-i340268\visualtestjs\node_modules\jasmine-core\lib\jasmine-core\jasmine.js:1774:9)
    at QueueRunner.execute (C:\repos\ui5delivery-i340268\visualtestjs\node_modules\jasmine-core\lib\jasmine-core\jasmine.js:1762:10)
    at queueRunnerFactory (C:\repos\ui5delivery-i340268\visualtestjs\node_modules\jasmine-core\lib\jasmine-core\jasmine.js:627:35)
    at Object.fn (C:\repos\ui5delivery-i340268\visualtestjs\node_modules\jasmine-core\lib\jasmine-core\jasmine.js:2345:13)
    at attemptAsync (C:\repos\ui5delivery-i340268\visualtestjs\node_modules\jasmine-core\lib\jasmine-core\jasmine.js:1819:24)
    at QueueRunner.run (C:\repos\ui5delivery-i340268\visualtestjs\node_modules\jasmine-core\lib\jasmine-core\jasmine.js:1774:9)
    at QueueRunner.execute (C:\repos\ui5delivery-i340268\visualtestjs\node_modules\jasmine-core\lib\jasmine-core\jasmine.js:1762:10)
    at queueRunnerFactory (C:\repos\ui5delivery-i340268\visualtestjs\node_modules\jasmine-core\lib\jasmine-core\jasmine.js:627:35)
From asynchronous test: 
Error
    at Suite.&lt;anonymous&gt; (C:\repos\ui5delivery-i340268\visualtestjs\e2e\UI5\controls\asControl.spec.js:8:2)
    at addSpecsToSuite (C:\repos\ui5delivery-i340268\visualtestjs\node_modules\jasmine-core\lib\jasmine-core\jasmine.js:743:25)
    at Env.describe (C:\repos\ui5delivery-i340268\visualtestjs\node_modules\jasmine-core\lib\jasmine-core\jasmine.js:713:7)
    at describe (C:\repos\ui5delivery-i340268\visualtestjs\node_modules\jasmine-core\lib\jasmine-core\jasmine.js:3219:18)
    at Object.&lt;anonymous&gt; (C:\repos\ui5delivery-i340268\visualtestjs\e2e\UI5\controls\asControl.spec.js:5:1)
    at Module._compile (module.js:570:32)
    at Object.Module._extensions..js (module.js:579:10)
    at Module.load (module.js:487:32)
    at tryModuleLoad (module.js:446:12)</code>
      </div>
      
      
    </div>
    
  </div>
<script>
  function select(menuItem, specIndex) {
    var menuElement = document.getElementsByClassName("menu")[0];
    var menuElements = menuElement.getElementsByClassName("name");
    Array.prototype.forEach.call(menuElements, function (el) {
      el.classList.remove("selected");
    });
    
    menuItem.classList.add("selected");

    var specElements = document.getElementsByClassName("spec");
    Array.prototype.forEach.call(specElements, function (el) {
      el.classList.add("hidden");
    });

    specElements[specIndex].classList.remove("hidden");
    
    var specImageElements = specElements[specIndex].getElementsByTagName("img");
    Array.prototype.forEach.call(specImageElements, function (img) {
      img.src = img.getAttribute("data-source");
    });
  }

  (function init () {
    var menuElement = document.getElementsByClassName("menu")[0];
    var firstMenuElement = menuElement.getElementsByClassName("name")[0];
    select(firstMenuElement, 0);
  })();
</script>
</body>
</html>
